1: Santa: going to sleep
2: Elf 1: started
3: Elf 2: started
4: RD 4: rstarted
5: Elf 4: started
6: Elf 5: started
7: RD 1: rstarted
8: RD 2: rstarted
9: RD 3: rstarted
10: Elf 3: started
11: Elf 3: need help
12: RD 1: return home
13: RD 3: return home
14: Elf 1: need help
15: RD 2: return home
16: Elf 2: need help
17: Santa: helping elves
18: Santa: going to sleep
19: Elf 2: get help
20: Elf 3: get help
21: Elf 1: get help
22: Elf 4: need help
23: RD 4: return home
24: Santa: closing workshop
25: Elf 1: taking holidays
26: Elf 2: taking holidays
27: Elf 3: taking holidays
28: RD 1: get hitched
29: RD 3: get hitched
30: RD 2: get hitched
31: RD 4: get hitched
32: Santa: Christmas started
33: Elf 4: taking holidays
34: Elf 5: need help
35: Elf 5: taking holidays
